#
# There is insufficient memory for the Java Runtime Environment to continue.
# Native memory allocation (malloc) failed to allocate 1048576 bytes for AllocateHeap
# Possible reasons:
#   The system is out of physical RAM or swap space
#   In 32 bit mode, the process size limit was hit
# Possible solutions:
#   Reduce memory load on the system
#   Increase physical memory or swap space
#   Check if swap backing store is full
#   Use 64 bit Java on a 64 bit OS
#   Decrease Java heap size (-Xmx/-Xms)
#   Decrease number of Java threads
#   Decrease Java thread stack sizes (-Xss)
#   Set larger code cache with -XX:ReservedCodeCacheSize=
# This output file may be truncated or incomplete.
#
#  Out of Memory Error (memory/allocation.inline.hpp:61), pid=2696, tid=0x0000000000004bc0
#
# JRE version:  (8.0_181-b13) (build )
# Java VM: Java HotSpot(TM) 64-Bit Server VM (25.181-b13 mixed mode windows-amd64 compressed oops)
# Failed to write core dump. Minidumps are not enabled by default on client versions of Windows
#

---------------  T H R E A D  ---------------

Current thread (0x000000000287e800):  JavaThread "Unknown thread" [_thread_in_vm, id=19392, stack(0x0000000002750000,0x0000000002850000)]

Stack: [0x0000000002750000,0x0000000002850000]
[error occurred during error reporting (printing stack bounds), id 0xc0000005]

Native frames: (J=compiled Java code, j=interpreted, Vv=VM code, C=native code)


---------------  P R O C E S S  ---------------

Java Threads: ( => current thread )

Other Threads:

=>0x000000000287e800 (exited) JavaThread "Unknown thread" [_thread_in_vm, id=19392, stack(0x0000000002750000,0x0000000002850000)]

VM state:not at safepoint (normal execution)

VM Mutex/Monitor currently owned by a thread: None

Heap:
 PSYoungGen      total 37888K, used 655K [0x00000000d6200000, 0x00000000d8c00000, 0x0000000100000000)
  eden space 32768K, 2% used [0x00000000d6200000,0x00000000d62a3d80,0x00000000d8200000)
  from space 5120K, 0% used [0x00000000d8700000,0x00000000d8700000,0x00000000d8c00000)
  to   space 5120K, 0% used [0x00000000d8200000,0x00000000d8200000,0x00000000d8700000)
 ParOldGen       total 86016K, used 0K [0x0000000082600000, 0x0000000087a00000, 0x00000000d6200000)
  object space 86016K, 0% used [0x0000000082600000,0x0000000082600000,0x0000000087a00000)
 Metaspace       used 751K, capacity 4480K, committed 4480K, reserved 1056768K
  class space    used 76K, capacity 384K, committed 384K, reserved 1048576K

Card table byte_map: [0x0000000011d40000,0x0000000012130000] byte_map_base: 0x000000001192d000

Marking Bits: (ParMarkBitMap*) 0x0000000054272d00
 Begin Bits: [0x0000000012dd0000, 0x0000000014d38000)
 End Bits:   [0x0000000014d38000, 0x0000000016ca0000)

Polling page: 0x00000000008d0000

CodeCache: size=245760Kb used=328Kb max_used=328Kb free=245431Kb
 bounds [0x0000000002980000, 0x0000000002bf0000, 0x0000000011980000]
 total_blobs=58 nmethods=0 adapters=38
 compilation: enabled

Compilation events (0 events):
No events

GC Heap History (0 events):
No events

Deoptimization events (0 events):
No events

Classes redefined (0 events):
No events

Internal exceptions (0 events):
No events

Events (10 events):
Event: 0.035 loading class java/lang/Short
Event: 0.035 loading class java/lang/Short done
Event: 0.035 loading class java/lang/Integer
Event: 0.035 loading class java/lang/Integer done
Event: 0.035 loading class java/lang/Long
Event: 0.035 loading class java/lang/Long done
Event: 0.036 loading class java/lang/NullPointerException
Event: 0.036 loading class java/lang/NullPointerException done
Event: 0.036 loading class java/lang/ArithmeticException
Event: 0.036 loading class java/lang/ArithmeticException done


Dynamic libraries:
0x00007ff714d80000 - 0x00007ff714db7000 	C:\Program Files\Java\jre1.8.0_181\bin\javaw.exe
0x00007ffe3e4a0000 - 0x00007ffe3e681000 	C:\Windows\SYSTEM32\ntdll.dll
0x00007ffe3c9e0000 - 0x00007ffe3ca92000 	C:\Windows\System32\KERNEL32.DLL
0x00007ffe3b0b0000 - 0x00007ffe3b323000 	C:\Windows\System32\KERNELBASE.dll
0x00007ffe3e1e0000 - 0x00007ffe3e281000 	C:\Windows\System32\ADVAPI32.dll
0x00007ffe3caa0000 - 0x00007ffe3cb3e000 	C:\Windows\System32\msvcrt.dll
0x00007ffe3e290000 - 0x00007ffe3e2eb000 	C:\Windows\System32\sechost.dll
0x00007ffe3e340000 - 0x00007ffe3e464000 	C:\Windows\System32\RPCRT4.dll
0x00007ffe3c850000 - 0x00007ffe3c9e0000 	C:\Windows\System32\USER32.dll
0x00007ffe3b670000 - 0x00007ffe3b690000 	C:\Windows\System32\win32u.dll
0x00007ffe3e300000 - 0x00007ffe3e328000 	C:\Windows\System32\GDI32.dll
0x00007ffe3b730000 - 0x00007ffe3b8c2000 	C:\Windows\System32\gdi32full.dll
0x00007ffe3b690000 - 0x00007ffe3b72f000 	C:\Windows\System32\msvcp_win.dll
0x00007ffe3b380000 - 0x00007ffe3b47a000 	C:\Windows\System32\ucrtbase.dll
0x00007ffe165e0000 - 0x00007ffe16849000 	C:\Windows\WinSxS\amd64_microsoft.windows.common-controls_6595b64144ccf1df_6.0.17134.523_none_fb409dd930672a56\COMCTL32.dll
0x00007ffe3c3a0000 - 0x00007ffe3c6c2000 	C:\Windows\System32\combase.dll
0x00007ffe3a920000 - 0x00007ffe3a99a000 	C:\Windows\System32\bcryptPrimitives.dll
0x00007ffe3c270000 - 0x00007ffe3c29d000 	C:\Windows\System32\IMM32.DLL
0x0000000053890000 - 0x0000000053962000 	C:\Program Files\Java\jre1.8.0_181\bin\msvcr100.dll
0x0000000053a50000 - 0x00000000542f2000 	C:\Program Files\Java\jre1.8.0_181\bin\server\jvm.dll
0x00007ffe3e2f0000 - 0x00007ffe3e2f8000 	C:\Windows\System32\PSAPI.DLL
0x00007ffe36770000 - 0x00007ffe36779000 	C:\Windows\SYSTEM32\WSOCK32.dll
0x00007ffe3e060000 - 0x00007ffe3e0cc000 	C:\Windows\System32\WS2_32.dll
0x00007ffe34890000 - 0x00007ffe3489a000 	C:\Windows\SYSTEM32\VERSION.dll
0x00007ffe38a20000 - 0x00007ffe38a43000 	C:\Windows\SYSTEM32\WINMM.dll
0x00007ffe388d0000 - 0x00007ffe388fa000 	C:\Windows\SYSTEM32\winmmbase.dll
0x00007ffe3b330000 - 0x00007ffe3b379000 	C:\Windows\System32\cfgmgr32.dll
0x00000000546f0000 - 0x00000000546ff000 	C:\Program Files\Java\jre1.8.0_181\bin\verify.dll
0x0000000053a20000 - 0x0000000053a49000 	C:\Program Files\Java\jre1.8.0_181\bin\java.dll
0x0000000053a00000 - 0x0000000053a16000 	C:\Program Files\Java\jre1.8.0_181\bin\zip.dll

VM Arguments:
jvm_args: -Dfile.encoding=UTF-8 
java_command: examen3.ejercicio2
java_class_path (initial): C:\Users\Álvaro y Alice\Desktop\javaeclipse\examen3\bin
Launcher Type: SUN_STANDARD

Environment Variables:
JAVA_HOME=C:\Program Files\Java\jdk1.8.0_191
PATH=C:/Program Files/Java/jre1.8.0_181/bin/server;C:/Program Files/Java/jre1.8.0_181/bin;C:/Program Files/Java/jre1.8.0_181/lib/amd64;C:\Program Files\Microsoft MPI\Bin\;C:\Program Files (x86)\Common Files\Oracle\Java\javapath;C:\Windows\system32;C:\Windows;C:\Windows\System32\Wbem;C:\Windows\System32\WindowsPowerShell\v1.0\;C:\Windows\System32\OpenSSH\;C:\Program Files\Git\cmd;C:\Program Files (x86)\Microsoft SQL Server\140\Tools\Binn\;C:\Program Files\Microsoft SQL Server\140\Tools\Binn\;C:\Program Files (x86)\Microsoft SQL Server\140\DTS\Binn\;C:\Program Files\Microsoft SQL Server\140\DTS\Binn\;C:\Program Files\Microsoft SQL Server\Client SDK\ODBC\130\Tools\Binn\;C:\Program Files (x86)\Microsoft SQL Server\Client SDK\ODBC\130\Tools\Binn\;C:\Program Files (x86)\Microsoft SQL Server\140\Tools\Binn\ManagementStudio\;C:\Program Files\Java\jdk1.8.0_191\bin;C:\Program Files\nodejs\;C:\Program Files\NVIDIA Corporation\NVIDIA NvDLISR;C:\Program Files (x86)\NVIDIA Corporation\PhysX\Common;C:\Users\Álvaro y Alice\AppData\Local\Microsoft\WindowsApps;;C:\Users\Álvaro y Alice\AppData\Local\Programs\Microsoft VS Code\bin;C:\Users\Álvaro y Alice\AppData\Roaming\npm;C:\Users\Álvaro y Alice\Desktop;
USERNAME=Álvaro y Alice
OS=Windows_NT
PROCESSOR_IDENTIFIER=Intel64 Family 6 Model 158 Stepping 10, GenuineIntel



---------------  S Y S T E M  ---------------

OS: Windows 10.0 , 64 bit Build 17134 (10.0.17134.1)

CPU:total 12 (initial active 12) (6 cores per cpu, 2 threads per core) family 6 model 158 stepping 10, cmov, cx8, fxsr, mmx, sse, sse2, sse3, ssse3, sse4.1, sse4.2, popcnt, avx, avx2, aes, clmul, erms, 3dnowpref, lzcnt, ht, tsc, tscinvbit, bmi1, bmi2, adx

Memory: 4k page, physical 8227124k(2621312k free), swap 13532756k(8548k free)

vm_info: Java HotSpot(TM) 64-Bit Server VM (25.181-b13) for windows-amd64 JRE (1.8.0_181-b13), built on Jul  7 2018 04:01:33 by "java_re" with MS VC++ 10.0 (VS2010)

time: Wed Jan 16 13:59:41 2019
elapsed time: 0 seconds (0d 0h 0m 0s)

